<?xml version="1.0" encoding="UTF-8"?>
<coverage generated="1652734111998" clover="3.2.0">
  <project timestamp="1652734111999" name="All files">
    <metrics statements="113" coveredstatements="113" conditionals="45" coveredconditionals="45" methods="42" coveredmethods="42" elements="200" coveredelements="200" complexity="0" loc="113" ncloc="113" packages="2" files="5" classes="5"/>
    <package name="src">
      <metrics statements="88" coveredstatements="88" conditionals="29" coveredconditionals="29" methods="26" coveredmethods="26"/>
      <file name="data_class.ts" path="/Users/aes/dev/projects/open_source/mine/ts-data-class/src/data_class.ts">
        <metrics statements="45" coveredstatements="45" conditionals="9" coveredconditionals="9" methods="12" coveredmethods="12"/>
        <line num="1" count="2" type="stmt"/>
        <line num="2" count="2" type="stmt"/>
        <line num="3" count="2" type="stmt"/>
        <line num="4" count="2" type="stmt"/>
        <line num="5" count="2" type="stmt"/>
        <line num="6" count="2" type="stmt"/>
        <line num="29" count="2" type="stmt"/>
        <line num="32" count="2" type="stmt"/>
        <line num="33" count="17" type="stmt"/>
        <line num="35" count="17" type="stmt"/>
        <line num="38" count="48" type="stmt"/>
        <line num="39" count="48" type="stmt"/>
        <line num="42" count="39" type="stmt"/>
        <line num="45" count="39" type="stmt"/>
        <line num="47" count="222" type="stmt"/>
        <line num="49" count="222" type="stmt"/>
        <line num="51" count="222" type="stmt"/>
        <line num="53" count="33" type="stmt"/>
        <line num="64" count="2" type="stmt"/>
        <line num="66" count="16" type="cond" truecount="1" falsecount="0"/>
        <line num="68" count="11" type="stmt"/>
        <line num="70" count="8" type="stmt"/>
        <line num="81" count="2" type="stmt"/>
        <line num="83" count="18" type="cond" truecount="1" falsecount="0"/>
        <line num="85" count="12" type="stmt"/>
        <line num="87" count="9" type="stmt"/>
        <line num="90" count="2" type="stmt"/>
        <line num="91" count="77" type="cond" truecount="3" falsecount="0"/>
        <line num="92" count="19" type="stmt"/>
        <line num="103" count="2" type="stmt"/>
        <line num="104" count="6" type="stmt"/>
        <line num="105" count="2" type="stmt"/>
        <line num="112" count="2" type="stmt"/>
        <line num="117" count="4" type="cond" truecount="4" falsecount="0"/>
        <line num="127" count="2" type="stmt"/>
        <line num="131" count="6" type="stmt"/>
        <line num="132" count="6" type="stmt"/>
        <line num="134" count="5" type="stmt"/>
        <line num="143" count="2" type="stmt"/>
        <line num="145" count="23" type="stmt"/>
        <line num="153" count="2" type="stmt"/>
        <line num="157" count="23" type="stmt"/>
        <line num="158" count="23" type="stmt"/>
        <line num="159" count="23" type="stmt"/>
        <line num="161" count="2" type="stmt"/>
      </file>
      <file name="errors.ts" path="/Users/aes/dev/projects/open_source/mine/ts-data-class/src/errors.ts">
        <metrics statements="6" coveredstatements="6" conditionals="0" coveredconditionals="0" methods="3" coveredmethods="3"/>
        <line num="3" count="2" type="stmt"/>
        <line num="4" count="2" type="stmt"/>
        <line num="5" count="12" type="stmt"/>
        <line num="8" count="2" type="stmt"/>
        <line num="9" count="19" type="stmt"/>
        <line num="11" count="2" type="stmt"/>
      </file>
      <file name="index.ts" path="/Users/aes/dev/projects/open_source/mine/ts-data-class/src/index.ts">
        <metrics statements="5" coveredstatements="5" conditionals="0" coveredconditionals="0" methods="1" coveredmethods="1"/>
        <line num="1" count="2" type="stmt"/>
        <line num="2" count="2" type="stmt"/>
        <line num="3" count="2" type="stmt"/>
        <line num="5" count="2" type="stmt"/>
        <line num="6" count="313" type="stmt"/>
      </file>
      <file name="parsers.ts" path="/Users/aes/dev/projects/open_source/mine/ts-data-class/src/parsers.ts">
        <metrics statements="32" coveredstatements="32" conditionals="20" coveredconditionals="20" methods="10" coveredmethods="10"/>
        <line num="1" count="2" type="stmt"/>
        <line num="3" count="2" type="stmt"/>
        <line num="4" count="2" type="stmt"/>
        <line num="5" count="79" type="cond" truecount="1" falsecount="0"/>
        <line num="6" count="70" type="stmt"/>
        <line num="9" count="2" type="stmt"/>
        <line num="12" count="237" type="stmt"/>
        <line num="13" count="80" type="stmt"/>
        <line num="17" count="2" type="stmt"/>
        <line num="18" count="199" type="cond" truecount="1" falsecount="0"/>
        <line num="19" count="31" type="stmt"/>
        <line num="22" count="2" type="stmt"/>
        <line num="24" count="2" type="stmt"/>
        <line num="25" count="7" type="stmt"/>
        <line num="26" count="7" type="stmt"/>
        <line num="29" count="2" type="stmt"/>
        <line num="33" count="58" type="cond" truecount="1" falsecount="0"/>
        <line num="34" count="52" type="stmt"/>
        <line num="35" count="52" type="cond" truecount="5" falsecount="0"/>
        <line num="36" count="52" type="cond" truecount="5" falsecount="0"/>
        <line num="37" count="52" type="cond" truecount="5" falsecount="0"/>
        <line num="38" count="52" type="stmt"/>
        <line num="41" count="2" type="stmt"/>
        <line num="43" count="2" type="stmt"/>
        <line num="47" count="7" type="cond" truecount="1" falsecount="0"/>
        <line num="48" count="2" type="stmt"/>
        <line num="51" count="2" type="stmt"/>
        <line num="53" count="2" type="stmt"/>
        <line num="57" count="37" type="cond" truecount="1" falsecount="0"/>
        <line num="58" count="4" type="stmt"/>
        <line num="61" count="2" type="stmt"/>
        <line num="62" count="2" type="stmt"/>
      </file>
    </package>
    <package name="test">
      <metrics statements="25" coveredstatements="25" conditionals="16" coveredconditionals="16" methods="16" coveredmethods="16"/>
      <file name="test_classes.ts" path="/Users/aes/dev/projects/open_source/mine/ts-data-class/test/test_classes.ts">
        <metrics statements="25" coveredstatements="25" conditionals="16" coveredconditionals="16" methods="16" coveredmethods="16"/>
        <line num="2" count="1" type="stmt"/>
        <line num="5" count="1" type="stmt"/>
        <line num="14" count="1" type="stmt"/>
        <line num="15" count="252" type="stmt"/>
        <line num="16" count="36" type="stmt"/>
        <line num="17" count="30" type="cond" truecount="4" falsecount="0"/>
        <line num="18" count="30" type="stmt"/>
        <line num="19" count="30" type="cond" truecount="4" falsecount="0"/>
        <line num="20" count="30" type="stmt"/>
        <line num="21" count="30" type="cond" truecount="4" falsecount="0"/>
        <line num="22" count="30" type="stmt"/>
        <line num="25" count="1" type="stmt"/>
        <line num="27" count="15" type="stmt"/>
        <line num="36" count="1" type="stmt"/>
        <line num="37" count="1" type="stmt"/>
        <line num="38" count="1" type="stmt"/>
        <line num="40" count="1" type="stmt"/>
        <line num="48" count="4" type="stmt"/>
        <line num="59" count="1" type="stmt"/>
        <line num="70" count="1" type="stmt"/>
        <line num="74" count="1" type="stmt"/>
        <line num="75" count="9" type="stmt"/>
        <line num="76" count="3" type="cond" truecount="4" falsecount="0"/>
        <line num="77" count="3" type="stmt"/>
        <line num="80" count="1" type="stmt"/>
      </file>
    </package>
  </project>
</coverage>
