{"/Users/aes/dev/projects/open_source/mine/ts-data-class/src/data_class.ts": {"path":"/Users/aes/dev/projects/open_source/mine/ts-data-class/src/data_class.ts","statementMap":{"0":{"start":{"line":1,"column":0},"end":{"line":1,"column":33}},"1":{"start":{"line":2,"column":0},"end":{"line":2,"column":41}},"2":{"start":{"line":3,"column":0},"end":{"line":3,"column":37}},"3":{"start":{"line":4,"column":0},"end":{"line":4,"column":45}},"4":{"start":{"line":5,"column":0},"end":{"line":5,"column":35}},"5":{"start":{"line":6,"column":0},"end":{"line":6,"column":35}},"6":{"start":{"line":29,"column":0},"end":{"line":29,"column":null}},"7":{"start":{"line":38,"column":2},"end":{"line":38,"column":14}},"8":{"start":{"line":39,"column":4},"end":{"line":39,"column":35}},"9":{"start":{"line":42,"column":20},"end":{"line":42,"column":32}},"10":{"start":{"line":45,"column":4},"end":{"line":52,"column":7}},"11":{"start":{"line":47,"column":22},"end":{"line":47,"column":33}},"12":{"start":{"line":49,"column":21},"end":{"line":49,"column":38}},"13":{"start":{"line":51,"column":6},"end":{"line":51,"column":34}},"14":{"start":{"line":53,"column":4},"end":{"line":53,"column":24}},"15":{"start":{"line":32,"column":10},"end":{"line":36,"column":null}},"16":{"start":{"line":33,"column":27},"end":{"line":33,"column":51}},"17":{"start":{"line":35,"column":4},"end":{"line":35,"column":33}},"18":{"start":{"line":64,"column":2},"end":{"line":71,"column":null}},"19":{"start":{"line":66,"column":4},"end":{"line":66,"column":49}},"20":{"start":{"line":66,"column":30},"end":{"line":66,"column":49}},"21":{"start":{"line":68,"column":4},"end":{"line":68,"column":35}},"22":{"start":{"line":70,"column":4},"end":{"line":70,"column":52}},"23":{"start":{"line":81,"column":2},"end":{"line":88,"column":null}},"24":{"start":{"line":83,"column":4},"end":{"line":83,"column":53}},"25":{"start":{"line":83,"column":30},"end":{"line":83,"column":53}},"26":{"start":{"line":85,"column":4},"end":{"line":85,"column":35}},"27":{"start":{"line":87,"column":4},"end":{"line":87,"column":63}},"28":{"start":{"line":90,"column":17},"end":{"line":93,"column":null}},"29":{"start":{"line":91,"column":4},"end":{"line":91,"column":55}},"30":{"start":{"line":91,"column":48},"end":{"line":91,"column":55}},"31":{"start":{"line":92,"column":4},"end":{"line":92,"column":34}},"32":{"start":{"line":103,"column":9},"end":{"line":106,"column":null}},"33":{"start":{"line":104,"column":4},"end":{"line":104,"column":35}},"34":{"start":{"line":105,"column":4},"end":{"line":105,"column":28}},"35":{"start":{"line":112,"column":9},"end":{"line":118,"column":null}},"36":{"start":{"line":117,"column":4},"end":{"line":117,"column":34}},"37":{"start":{"line":127,"column":9},"end":{"line":136,"column":null}},"38":{"start":{"line":131,"column":4},"end":{"line":135,"column":null}},"39":{"start":{"line":132,"column":6},"end":{"line":132,"column":30}},"40":{"start":{"line":134,"column":6},"end":{"line":134,"column":23}},"41":{"start":{"line":143,"column":2},"end":{"line":146,"column":null}},"42":{"start":{"line":145,"column":4},"end":{"line":145,"column":44}},"43":{"start":{"line":153,"column":9},"end":{"line":160,"column":null}},"44":{"start":{"line":157,"column":15},"end":{"line":157,"column":46}},"45":{"start":{"line":158,"column":15},"end":{"line":158,"column":46}},"46":{"start":{"line":159,"column":4},"end":{"line":159,"column":27}},"47":{"start":{"line":161,"column":0},"end":{"line":161,"column":null}}},"fnMap":{"0":{"name":"(anonymous_3)","decl":{"start":{"line":29,"column":0},"end":{"line":29,"column":null}},"loc":{"start":{"line":29,"column":0},"end":{"line":161,"column":null}}},"1":{"name":"DTClass","decl":{"start":{"line":38,"column":2},"end":{"line":38,"column":14}},"loc":{"start":{"line":38,"column":33},"end":{"line":54,"column":3}}},"2":{"name":"(anonymous_5)","decl":{"start":{"line":45,"column":33},"end":{"line":45,"column":34}},"loc":{"start":{"line":45,"column":37},"end":{"line":52,"column":5}}},"3":{"name":"(anonymous_6)","decl":{"start":{"line":32,"column":2},"end":{"line":32,"column":10}},"loc":{"start":{"line":32,"column":40},"end":{"line":36,"column":3}}},"4":{"name":"(anonymous_7)","decl":{"start":{"line":64,"column":2},"end":{"line":64,"column":6}},"loc":{"start":{"line":64,"column":37},"end":{"line":71,"column":3}}},"5":{"name":"(anonymous_8)","decl":{"start":{"line":81,"column":2},"end":{"line":81,"column":10}},"loc":{"start":{"line":81,"column":41},"end":{"line":88,"column":3}}},"6":{"name":"(anonymous_9)","decl":{"start":{"line":90,"column":2},"end":{"line":90,"column":17}},"loc":{"start":{"line":90,"column":47},"end":{"line":93,"column":3}}},"7":{"name":"(anonymous_10)","decl":{"start":{"line":103,"column":2},"end":{"line":103,"column":9}},"loc":{"start":{"line":103,"column":72},"end":{"line":106,"column":3}}},"8":{"name":"(anonymous_11)","decl":{"start":{"line":112,"column":2},"end":{"line":112,"column":9}},"loc":{"start":{"line":114,"column":34},"end":{"line":118,"column":3}}},"9":{"name":"(anonymous_12)","decl":{"start":{"line":127,"column":2},"end":{"line":127,"column":9}},"loc":{"start":{"line":129,"column":15},"end":{"line":136,"column":3}}},"10":{"name":"(anonymous_13)","decl":{"start":{"line":143,"column":2},"end":{"line":143,"column":8}},"loc":{"start":{"line":143,"column":37},"end":{"line":146,"column":3}}},"11":{"name":"(anonymous_14)","decl":{"start":{"line":153,"column":2},"end":{"line":153,"column":9}},"loc":{"start":{"line":155,"column":22},"end":{"line":160,"column":3}}}},"branchMap":{"0":{"loc":{"start":{"line":66,"column":4},"end":{"line":66,"column":49}},"type":"if","locations":[{"start":{"line":66,"column":4},"end":{"line":66,"column":49}}]},"1":{"loc":{"start":{"line":83,"column":4},"end":{"line":83,"column":53}},"type":"if","locations":[{"start":{"line":83,"column":4},"end":{"line":83,"column":53}}]},"2":{"loc":{"start":{"line":91,"column":4},"end":{"line":91,"column":55}},"type":"if","locations":[{"start":{"line":91,"column":4},"end":{"line":91,"column":55}}]},"3":{"loc":{"start":{"line":91,"column":8},"end":{"line":91,"column":46}},"type":"binary-expr","locations":[{"start":{"line":91,"column":8},"end":{"line":91,"column":34}},{"start":{"line":91,"column":38},"end":{"line":91,"column":46}}]},"4":{"loc":{"start":{"line":117,"column":20},"end":{"line":117,"column":32}},"type":"cond-expr","locations":[{"start":{"line":117,"column":20},"end":{"line":117,"column":26}},{"start":{"line":117,"column":30},"end":{"line":117,"column":32}}]},"5":{"loc":{"start":{"line":117,"column":20},"end":{"line":117,"column":30}},"type":"binary-expr","locations":[{"start":{"line":117,"column":20},"end":{"line":117,"column":30}},{"start":{"line":117,"column":20},"end":{"line":117,"column":30}}]}},"s":{"0":2,"1":2,"2":2,"3":2,"4":2,"5":2,"6":2,"7":48,"8":48,"9":39,"10":39,"11":222,"12":222,"13":222,"14":33,"15":2,"16":17,"17":17,"18":2,"19":16,"20":5,"21":11,"22":8,"23":2,"24":18,"25":6,"26":12,"27":9,"28":2,"29":77,"30":58,"31":19,"32":2,"33":6,"34":2,"35":2,"36":4,"37":2,"38":6,"39":6,"40":5,"41":2,"42":23,"43":2,"44":23,"45":23,"46":23,"47":2},"f":{"0":2,"1":48,"2":222,"3":17,"4":16,"5":18,"6":77,"7":6,"8":4,"9":6,"10":23,"11":23},"b":{"0":[5],"1":[6],"2":[58],"3":[77,63],"4":[2,2],"5":[4,4]}}
,"/Users/aes/dev/projects/open_source/mine/ts-data-class/src/errors.ts": {"path":"/Users/aes/dev/projects/open_source/mine/ts-data-class/src/errors.ts","statementMap":{"0":{"start":{"line":3,"column":0},"end":{"line":3,"column":null}},"1":{"start":{"line":4,"column":2},"end":{"line":6,"column":null}},"2":{"start":{"line":5,"column":4},"end":{"line":5,"column":53}},"3":{"start":{"line":8,"column":2},"end":{"line":10,"column":null}},"4":{"start":{"line":9,"column":4},"end":{"line":9,"column":55}},"5":{"start":{"line":11,"column":0},"end":{"line":11,"column":null}}},"fnMap":{"0":{"name":"(anonymous_0)","decl":{"start":{"line":3,"column":0},"end":{"line":3,"column":null}},"loc":{"start":{"line":3,"column":0},"end":{"line":11,"column":null}}},"1":{"name":"(anonymous_2)","decl":{"start":{"line":4,"column":2},"end":{"line":4,"column":13}},"loc":{"start":{"line":4,"column":2},"end":{"line":6,"column":3}}},"2":{"name":"(anonymous_3)","decl":{"start":{"line":8,"column":2},"end":{"line":8,"column":13}},"loc":{"start":{"line":8,"column":2},"end":{"line":10,"column":3}}}},"branchMap":{},"s":{"0":2,"1":2,"2":12,"3":2,"4":19,"5":2},"f":{"0":2,"1":12,"2":19},"b":{}}
,"/Users/aes/dev/projects/open_source/mine/ts-data-class/src/index.ts": {"path":"/Users/aes/dev/projects/open_source/mine/ts-data-class/src/index.ts","statementMap":{"0":{"start":{"line":1,"column":0},"end":{"line":1,"column":7}},"1":{"start":{"line":6,"column":60},"end":{"line":1,"column":71}},"2":{"start":{"line":2,"column":0},"end":{"line":2,"column":7}},"3":{"start":{"line":6,"column":39},"end":{"line":2,"column":32}},"4":{"start":{"line":3,"column":0},"end":{"line":3,"column":9}},"5":{"start":{"line":6,"column":30},"end":{"line":3,"column":36}},"6":{"start":{"line":5,"column":0},"end":{"line":5,"column":23}}},"fnMap":{"0":{"name":"(anonymous_1)","decl":{"start":{"line":6,"column":30},"end":{"line":6,"column":37}},"loc":{"start":{"line":6,"column":30},"end":{"line":3,"column":36}}}},"branchMap":{},"s":{"0":2,"1":2,"2":2,"3":2,"4":2,"5":313,"6":2},"f":{"0":311},"b":{}}
,"/Users/aes/dev/projects/open_source/mine/ts-data-class/src/parsers.ts": {"path":"/Users/aes/dev/projects/open_source/mine/ts-data-class/src/parsers.ts","statementMap":{"0":{"start":{"line":1,"column":0},"end":{"line":1,"column":32}},"1":{"start":{"line":3,"column":0},"end":{"line":3,"column":22}},"2":{"start":{"line":4,"column":9},"end":{"line":7,"column":null}},"3":{"start":{"line":5,"column":4},"end":{"line":5,"column":56}},"4":{"start":{"line":5,"column":25},"end":{"line":5,"column":56}},"5":{"start":{"line":6,"column":4},"end":{"line":6,"column":13}},"6":{"start":{"line":9,"column":9},"end":{"line":15,"column":null}},"7":{"start":{"line":12,"column":4},"end":{"line":14,"column":6}},"8":{"start":{"line":12,"column":33},"end":{"line":12,"column":40}},"9":{"start":{"line":13,"column":6},"end":{"line":13,"column":43}},"10":{"start":{"line":17,"column":9},"end":{"line":20,"column":null}},"11":{"start":{"line":18,"column":4},"end":{"line":18,"column":40}},"12":{"start":{"line":18,"column":31},"end":{"line":18,"column":40}},"13":{"start":{"line":19,"column":4},"end":{"line":19,"column":21}},"14":{"start":{"line":24,"column":17},"end":{"line":27,"column":null}},"15":{"start":{"line":25,"column":18},"end":{"line":25,"column":40}},"16":{"start":{"line":26,"column":4},"end":{"line":26,"column":62}},"17":{"start":{"line":29,"column":9},"end":{"line":39,"column":null}},"18":{"start":{"line":33,"column":4},"end":{"line":33,"column":48}},"19":{"start":{"line":33,"column":31},"end":{"line":33,"column":48}},"20":{"start":{"line":34,"column":21},"end":{"line":34,"column":22}},"21":{"start":{"line":35,"column":4},"end":{"line":35,"column":51}},"22":{"start":{"line":35,"column":21},"end":{"line":35,"column":51}},"23":{"start":{"line":36,"column":4},"end":{"line":36,"column":51}},"24":{"start":{"line":36,"column":21},"end":{"line":36,"column":51}},"25":{"start":{"line":37,"column":4},"end":{"line":37,"column":75}},"26":{"start":{"line":37,"column":39},"end":{"line":37,"column":75}},"27":{"start":{"line":38,"column":4},"end":{"line":38,"column":14}},"28":{"start":{"line":43,"column":9},"end":{"line":49,"column":null}},"29":{"start":{"line":47,"column":4},"end":{"line":47,"column":49}},"30":{"start":{"line":47,"column":32},"end":{"line":47,"column":49}},"31":{"start":{"line":48,"column":4},"end":{"line":48,"column":13}},"32":{"start":{"line":53,"column":9},"end":{"line":59,"column":null}},"33":{"start":{"line":57,"column":4},"end":{"line":57,"column":57}},"34":{"start":{"line":57,"column":26},"end":{"line":57,"column":57}},"35":{"start":{"line":57,"column":46},"end":{"line":57,"column":56}},"36":{"start":{"line":58,"column":4},"end":{"line":58,"column":21}},"37":{"start":{"line":22,"column":9},"end":{"line":22,"column":67}},"38":{"start":{"line":41,"column":9},"end":{"line":41,"column":67}},"39":{"start":{"line":51,"column":9},"end":{"line":51,"column":69}},"40":{"start":{"line":61,"column":9},"end":{"line":61,"column":65}},"41":{"start":{"line":62,"column":0},"end":{"line":62,"column":null}},"42":{"start":{"line":3,"column":22},"end":{"line":3,"column":29}}},"fnMap":{"0":{"name":"(anonymous_1)","decl":{"start":{"line":3,"column":0},"end":{"line":3,"column":22}},"loc":{"start":{"line":3,"column":0},"end":{"line":3,"column":22}}},"1":{"name":"(anonymous_3)","decl":{"start":{"line":4,"column":2},"end":{"line":4,"column":9}},"loc":{"start":{"line":4,"column":36},"end":{"line":7,"column":3}}},"2":{"name":"(anonymous_4)","decl":{"start":{"line":9,"column":2},"end":{"line":9,"column":9}},"loc":{"start":{"line":10,"column":43},"end":{"line":15,"column":3}}},"3":{"name":"strictParser","decl":{"start":{"line":12,"column":20},"end":{"line":12,"column":32}},"loc":{"start":{"line":12,"column":32},"end":{"line":14,"column":5}}},"4":{"name":"(anonymous_6)","decl":{"start":{"line":17,"column":2},"end":{"line":17,"column":9}},"loc":{"start":{"line":17,"column":26},"end":{"line":20,"column":3}}},"5":{"name":"(anonymous_7)","decl":{"start":{"line":24,"column":2},"end":{"line":24,"column":17}},"loc":{"start":{"line":24,"column":52},"end":{"line":27,"column":3}}},"6":{"name":"(anonymous_8)","decl":{"start":{"line":29,"column":2},"end":{"line":29,"column":9}},"loc":{"start":{"line":31,"column":61},"end":{"line":39,"column":3}}},"7":{"name":"(anonymous_9)","decl":{"start":{"line":43,"column":2},"end":{"line":43,"column":9}},"loc":{"start":{"line":45,"column":45},"end":{"line":49,"column":3}}},"8":{"name":"(anonymous_10)","decl":{"start":{"line":53,"column":2},"end":{"line":53,"column":9}},"loc":{"start":{"line":55,"column":29},"end":{"line":59,"column":3}}},"9":{"name":"(anonymous_11)","decl":{"start":{"line":57,"column":39},"end":{"line":57,"column":40}},"loc":{"start":{"line":57,"column":41},"end":{"line":57,"column":52}}}},"branchMap":{"0":{"loc":{"start":{"line":5,"column":4},"end":{"line":5,"column":56}},"type":"if","locations":[{"start":{"line":5,"column":4},"end":{"line":5,"column":56}}]},"1":{"loc":{"start":{"line":18,"column":4},"end":{"line":18,"column":40}},"type":"if","locations":[{"start":{"line":18,"column":4},"end":{"line":18,"column":40}}]},"2":{"loc":{"start":{"line":33,"column":4},"end":{"line":33,"column":48}},"type":"if","locations":[{"start":{"line":33,"column":4},"end":{"line":33,"column":48}}]},"3":{"loc":{"start":{"line":35,"column":4},"end":{"line":35,"column":51}},"type":"if","locations":[{"start":{"line":35,"column":4},"end":{"line":35,"column":51}}]},"4":{"loc":{"start":{"line":35,"column":8},"end":{"line":35,"column":19}},"type":"cond-expr","locations":[{"start":{"line":35,"column":14},"end":{"line":35,"column":16}},{"start":{"line":35,"column":8},"end":{"line":35,"column":19}}]},"5":{"loc":{"start":{"line":35,"column":8},"end":{"line":35,"column":16}},"type":"binary-expr","locations":[{"start":{"line":35,"column":8},"end":{"line":35,"column":16}},{"start":{"line":35,"column":8},"end":{"line":35,"column":16}}]},"6":{"loc":{"start":{"line":36,"column":4},"end":{"line":36,"column":51}},"type":"if","locations":[{"start":{"line":36,"column":4},"end":{"line":36,"column":51}}]},"7":{"loc":{"start":{"line":36,"column":8},"end":{"line":36,"column":19}},"type":"cond-expr","locations":[{"start":{"line":36,"column":14},"end":{"line":36,"column":16}},{"start":{"line":36,"column":8},"end":{"line":36,"column":19}}]},"8":{"loc":{"start":{"line":36,"column":8},"end":{"line":36,"column":16}},"type":"binary-expr","locations":[{"start":{"line":36,"column":8},"end":{"line":36,"column":16}},{"start":{"line":36,"column":8},"end":{"line":36,"column":16}}]},"9":{"loc":{"start":{"line":37,"column":4},"end":{"line":37,"column":75}},"type":"if","locations":[{"start":{"line":37,"column":4},"end":{"line":37,"column":75}}]},"10":{"loc":{"start":{"line":37,"column":8},"end":{"line":37,"column":23}},"type":"cond-expr","locations":[{"start":{"line":37,"column":14},"end":{"line":37,"column":16}},{"start":{"line":37,"column":8},"end":{"line":37,"column":23}}]},"11":{"loc":{"start":{"line":37,"column":8},"end":{"line":37,"column":16}},"type":"binary-expr","locations":[{"start":{"line":37,"column":8},"end":{"line":37,"column":16}},{"start":{"line":37,"column":8},"end":{"line":37,"column":16}}]},"12":{"loc":{"start":{"line":47,"column":4},"end":{"line":47,"column":49}},"type":"if","locations":[{"start":{"line":47,"column":4},"end":{"line":47,"column":49}}]},"13":{"loc":{"start":{"line":57,"column":4},"end":{"line":57,"column":57}},"type":"if","locations":[{"start":{"line":57,"column":4},"end":{"line":57,"column":57}}]}},"s":{"0":2,"1":2,"2":2,"3":79,"4":9,"5":70,"6":2,"7":15,"8":237,"9":80,"10":2,"11":199,"12":168,"13":31,"14":2,"15":7,"16":7,"17":2,"18":58,"19":6,"20":52,"21":52,"22":6,"23":52,"24":6,"25":52,"26":7,"27":52,"28":2,"29":7,"30":5,"31":2,"32":2,"33":36,"34":32,"35":37,"36":4,"37":2,"38":2,"39":2,"40":2,"41":2,"42":2},"f":{"0":2,"1":79,"2":15,"3":80,"4":199,"5":7,"6":58,"7":7,"8":36,"9":37},"b":{"0":[9],"1":[168],"2":[6],"3":[6],"4":[39,13],"5":[52,52],"6":[6],"7":[39,13],"8":[52,52],"9":[7],"10":[39,13],"11":[52,52],"12":[5],"13":[32]}}
,"/Users/aes/dev/projects/open_source/mine/ts-data-class/test/test_classes.ts": {"path":"/Users/aes/dev/projects/open_source/mine/ts-data-class/test/test_classes.ts","statementMap":{"0":{"start":{"line":2,"column":0},"end":{"line":2,"column":53}},"1":{"start":{"line":5,"column":0},"end":{"line":5,"column":43}},"2":{"start":{"line":5,"column":28},"end":{"line":5,"column":35}},"3":{"start":{"line":14,"column":2},"end":{"line":24,"column":null}},"4":{"start":{"line":15,"column":4},"end":{"line":23,"column":6}},"5":{"start":{"line":16,"column":24},"end":{"line":16,"column":null}},"6":{"start":{"line":17,"column":23},"end":{"line":17,"column":null}},"7":{"start":{"line":18,"column":25},"end":{"line":18,"column":null}},"8":{"start":{"line":19,"column":23},"end":{"line":19,"column":null}},"9":{"start":{"line":20,"column":24},"end":{"line":20,"column":null}},"10":{"start":{"line":21,"column":20},"end":{"line":21,"column":null}},"11":{"start":{"line":22,"column":18},"end":{"line":22,"column":null}},"12":{"start":{"line":25,"column":0},"end":{"line":25,"column":null}},"13":{"start":{"line":5,"column":13},"end":{"line":5,"column":19}},"14":{"start":{"line":27,"column":37},"end":{"line":27,"column":63}},"15":{"start":{"line":27,"column":62},"end":{"line":34,"column":3}},"16":{"start":{"line":27,"column":13},"end":{"line":27,"column":37}},"17":{"start":{"line":36,"column":13},"end":{"line":36,"column":38}},"18":{"start":{"line":37,"column":13},"end":{"line":37,"column":46}},"19":{"start":{"line":38,"column":13},"end":{"line":38,"column":62}},"20":{"start":{"line":40,"column":13},"end":{"line":46,"column":2}},"21":{"start":{"line":48,"column":31},"end":{"line":48,"column":38}},"22":{"start":{"line":48,"column":37},"end":{"line":56,"column":3}},"23":{"start":{"line":48,"column":13},"end":{"line":48,"column":31}},"24":{"start":{"line":59,"column":34},"end":{"line":59,"column":41}},"25":{"start":{"line":59,"column":40},"end":{"line":66,"column":3}},"26":{"start":{"line":59,"column":13},"end":{"line":59,"column":34}},"27":{"start":{"line":70,"column":0},"end":{"line":70,"column":61}},"28":{"start":{"line":70,"column":37},"end":{"line":70,"column":44}},"29":{"start":{"line":74,"column":2},"end":{"line":79,"column":null}},"30":{"start":{"line":75,"column":4},"end":{"line":78,"column":6}},"31":{"start":{"line":76,"column":19},"end":{"line":76,"column":null}},"32":{"start":{"line":77,"column":18},"end":{"line":77,"column":null}},"33":{"start":{"line":80,"column":0},"end":{"line":80,"column":null}},"34":{"start":{"line":70,"column":13},"end":{"line":70,"column":28}}},"fnMap":{"0":{"name":"(anonymous_12)","decl":{"start":{"line":5,"column":0},"end":{"line":5,"column":13}},"loc":{"start":{"line":5,"column":0},"end":{"line":25,"column":null}}},"1":{"name":"(anonymous_14)","decl":{"start":{"line":14,"column":2},"end":{"line":14,"column":16}},"loc":{"start":{"line":14,"column":2},"end":{"line":24,"column":3}}},"2":{"name":"(anonymous_15)","decl":{"start":{"line":16,"column":17},"end":{"line":16,"column":18}},"loc":{"start":{"line":16,"column":19},"end":{"line":16,"column":31}}},"3":{"name":"(anonymous_16)","decl":{"start":{"line":17,"column":16},"end":{"line":17,"column":17}},"loc":{"start":{"line":17,"column":18},"end":{"line":17,"column":null}}},"4":{"name":"(anonymous_17)","decl":{"start":{"line":18,"column":18},"end":{"line":18,"column":19}},"loc":{"start":{"line":18,"column":20},"end":{"line":18,"column":32}}},"5":{"name":"(anonymous_18)","decl":{"start":{"line":19,"column":16},"end":{"line":19,"column":17}},"loc":{"start":{"line":19,"column":18},"end":{"line":19,"column":null}}},"6":{"name":"(anonymous_19)","decl":{"start":{"line":20,"column":17},"end":{"line":20,"column":18}},"loc":{"start":{"line":20,"column":19},"end":{"line":20,"column":31}}},"7":{"name":"(anonymous_20)","decl":{"start":{"line":21,"column":13},"end":{"line":21,"column":14}},"loc":{"start":{"line":21,"column":15},"end":{"line":21,"column":null}}},"8":{"name":"(anonymous_21)","decl":{"start":{"line":22,"column":11},"end":{"line":22,"column":12}},"loc":{"start":{"line":22,"column":13},"end":{"line":22,"column":25}}},"9":{"name":"(anonymous_22)","decl":{"start":{"line":27,"column":37},"end":{"line":27,"column":62}},"loc":{"start":{"line":27,"column":37},"end":{"line":27,"column":63}}},"10":{"name":"(anonymous_23)","decl":{"start":{"line":48,"column":31},"end":{"line":48,"column":37}},"loc":{"start":{"line":48,"column":31},"end":{"line":48,"column":38}}},"11":{"name":"(anonymous_24)","decl":{"start":{"line":59,"column":34},"end":{"line":59,"column":40}},"loc":{"start":{"line":59,"column":34},"end":{"line":59,"column":41}}},"12":{"name":"(anonymous_25)","decl":{"start":{"line":70,"column":0},"end":{"line":70,"column":13}},"loc":{"start":{"line":70,"column":0},"end":{"line":80,"column":null}}},"13":{"name":"(anonymous_27)","decl":{"start":{"line":74,"column":2},"end":{"line":74,"column":16}},"loc":{"start":{"line":74,"column":2},"end":{"line":79,"column":3}}},"14":{"name":"(anonymous_28)","decl":{"start":{"line":76,"column":12},"end":{"line":76,"column":13}},"loc":{"start":{"line":76,"column":14},"end":{"line":76,"column":null}}},"15":{"name":"(anonymous_29)","decl":{"start":{"line":77,"column":11},"end":{"line":77,"column":12}},"loc":{"start":{"line":77,"column":13},"end":{"line":77,"column":25}}}},"branchMap":{"0":{"loc":{"start":{"line":17,"column":23},"end":{"line":17,"column":53}},"type":"cond-expr","locations":[{"start":{"line":17,"column":40},"end":{"line":17,"column":44}},{"start":{"line":17,"column":44},"end":{"line":17,"column":53}}]},"1":{"loc":{"start":{"line":17,"column":23},"end":{"line":17,"column":44}},"type":"binary-expr","locations":[{"start":{"line":17,"column":23},"end":{"line":17,"column":44}},{"start":{"line":17,"column":40},"end":{"line":17,"column":44}}]},"2":{"loc":{"start":{"line":19,"column":23},"end":{"line":19,"column":53}},"type":"cond-expr","locations":[{"start":{"line":19,"column":40},"end":{"line":19,"column":44}},{"start":{"line":19,"column":44},"end":{"line":19,"column":53}}]},"3":{"loc":{"start":{"line":19,"column":23},"end":{"line":19,"column":44}},"type":"binary-expr","locations":[{"start":{"line":19,"column":23},"end":{"line":19,"column":44}},{"start":{"line":19,"column":40},"end":{"line":19,"column":44}}]},"4":{"loc":{"start":{"line":21,"column":20},"end":{"line":21,"column":68}},"type":"cond-expr","locations":[{"start":{"line":21,"column":37},"end":{"line":21,"column":39}},{"start":{"line":21,"column":37},"end":{"line":21,"column":68}}]},"5":{"loc":{"start":{"line":21,"column":20},"end":{"line":21,"column":39}},"type":"binary-expr","locations":[{"start":{"line":21,"column":20},"end":{"line":21,"column":39}},{"start":{"line":21,"column":37},"end":{"line":21,"column":39}}]},"6":{"loc":{"start":{"line":76,"column":19},"end":{"line":76,"column":54}},"type":"cond-expr","locations":[{"start":{"line":76,"column":36},"end":{"line":76,"column":40}},{"start":{"line":76,"column":40},"end":{"line":76,"column":54}}]},"7":{"loc":{"start":{"line":76,"column":19},"end":{"line":76,"column":40}},"type":"binary-expr","locations":[{"start":{"line":76,"column":19},"end":{"line":76,"column":40}},{"start":{"line":76,"column":36},"end":{"line":76,"column":40}}]}},"s":{"0":1,"1":1,"2":1,"3":1,"4":252,"5":36,"6":30,"7":30,"8":30,"9":30,"10":30,"11":30,"12":1,"13":1,"14":1,"15":15,"16":1,"17":1,"18":1,"19":1,"20":1,"21":1,"22":4,"23":1,"24":1,"25":1,"26":1,"27":1,"28":1,"29":1,"30":9,"31":3,"32":3,"33":1,"34":1},"f":{"0":46,"1":252,"2":36,"3":30,"4":30,"5":30,"6":30,"7":30,"8":30,"9":15,"10":4,"11":1,"12":4,"13":9,"14":3,"15":3},"b":{"0":[28,2],"1":[30,30],"2":[15,15],"3":[30,30],"4":[1,29],"5":[30,30],"6":[1,2],"7":[3,3]}}
}
