TN:
SF:src/data_class.ts
FN:29,(anonymous_3)
FN:38,DTClass
FN:45,(anonymous_5)
FN:32,(anonymous_6)
FN:64,(anonymous_7)
FN:81,(anonymous_8)
FN:90,(anonymous_9)
FN:103,(anonymous_10)
FN:112,(anonymous_11)
FN:127,(anonymous_12)
FN:143,(anonymous_13)
FN:153,(anonymous_14)
FNF:12
FNH:12
FNDA:2,(anonymous_3)
FNDA:48,DTClass
FNDA:222,(anonymous_5)
FNDA:17,(anonymous_6)
FNDA:16,(anonymous_7)
FNDA:18,(anonymous_8)
FNDA:77,(anonymous_9)
FNDA:6,(anonymous_10)
FNDA:4,(anonymous_11)
FNDA:6,(anonymous_12)
FNDA:23,(anonymous_13)
FNDA:23,(anonymous_14)
DA:1,2
DA:2,2
DA:3,2
DA:4,2
DA:5,2
DA:6,2
DA:29,2
DA:32,2
DA:33,17
DA:35,17
DA:38,48
DA:39,48
DA:42,39
DA:45,39
DA:47,222
DA:49,222
DA:51,222
DA:53,33
DA:64,2
DA:66,16
DA:68,11
DA:70,8
DA:81,2
DA:83,18
DA:85,12
DA:87,9
DA:90,2
DA:91,77
DA:92,19
DA:103,2
DA:104,6
DA:105,2
DA:112,2
DA:117,4
DA:127,2
DA:131,6
DA:132,6
DA:134,5
DA:143,2
DA:145,23
DA:153,2
DA:157,23
DA:158,23
DA:159,23
DA:161,2
LF:45
LH:45
BRDA:66,0,0,5
BRDA:83,1,0,6
BRDA:91,2,0,58
BRDA:91,3,0,77
BRDA:91,3,1,63
BRDA:117,4,0,2
BRDA:117,4,1,2
BRDA:117,5,0,4
BRDA:117,5,1,4
BRF:9
BRH:9
end_of_record
TN:
SF:src/errors.ts
FN:3,(anonymous_0)
FN:4,(anonymous_2)
FN:8,(anonymous_3)
FNF:3
FNH:3
FNDA:2,(anonymous_0)
FNDA:12,(anonymous_2)
FNDA:19,(anonymous_3)
DA:3,2
DA:4,2
DA:5,12
DA:8,2
DA:9,19
DA:11,2
LF:6
LH:6
BRF:0
BRH:0
end_of_record
TN:
SF:src/index.ts
FN:6,(anonymous_1)
FNF:1
FNH:1
FNDA:311,(anonymous_1)
DA:1,2
DA:2,2
DA:3,2
DA:5,2
DA:6,313
LF:5
LH:5
BRF:0
BRH:0
end_of_record
TN:
SF:src/parsers.ts
FN:3,(anonymous_1)
FN:4,(anonymous_3)
FN:9,(anonymous_4)
FN:12,strictParser
FN:17,(anonymous_6)
FN:24,(anonymous_7)
FN:29,(anonymous_8)
FN:43,(anonymous_9)
FN:53,(anonymous_10)
FN:57,(anonymous_11)
FNF:10
FNH:10
FNDA:2,(anonymous_1)
FNDA:79,(anonymous_3)
FNDA:15,(anonymous_4)
FNDA:80,strictParser
FNDA:199,(anonymous_6)
FNDA:7,(anonymous_7)
FNDA:58,(anonymous_8)
FNDA:7,(anonymous_9)
FNDA:36,(anonymous_10)
FNDA:37,(anonymous_11)
DA:1,2
DA:3,2
DA:4,2
DA:5,79
DA:6,70
DA:9,2
DA:12,237
DA:13,80
DA:17,2
DA:18,199
DA:19,31
DA:22,2
DA:24,2
DA:25,7
DA:26,7
DA:29,2
DA:33,58
DA:34,52
DA:35,52
DA:36,52
DA:37,52
DA:38,52
DA:41,2
DA:43,2
DA:47,7
DA:48,2
DA:51,2
DA:53,2
DA:57,37
DA:58,4
DA:61,2
DA:62,2
LF:32
LH:32
BRDA:5,0,0,9
BRDA:18,1,0,168
BRDA:33,2,0,6
BRDA:35,3,0,6
BRDA:35,4,0,39
BRDA:35,4,1,13
BRDA:35,5,0,52
BRDA:35,5,1,52
BRDA:36,6,0,6
BRDA:36,7,0,39
BRDA:36,7,1,13
BRDA:36,8,0,52
BRDA:36,8,1,52
BRDA:37,9,0,7
BRDA:37,10,0,39
BRDA:37,10,1,13
BRDA:37,11,0,52
BRDA:37,11,1,52
BRDA:47,12,0,5
BRDA:57,13,0,32
BRF:20
BRH:20
end_of_record
TN:
SF:test/test_classes.ts
FN:5,(anonymous_12)
FN:14,(anonymous_14)
FN:16,(anonymous_15)
FN:17,(anonymous_16)
FN:18,(anonymous_17)
FN:19,(anonymous_18)
FN:20,(anonymous_19)
FN:21,(anonymous_20)
FN:22,(anonymous_21)
FN:27,(anonymous_22)
FN:48,(anonymous_23)
FN:59,(anonymous_24)
FN:70,(anonymous_25)
FN:74,(anonymous_27)
FN:76,(anonymous_28)
FN:77,(anonymous_29)
FNF:16
FNH:16
FNDA:46,(anonymous_12)
FNDA:252,(anonymous_14)
FNDA:36,(anonymous_15)
FNDA:30,(anonymous_16)
FNDA:30,(anonymous_17)
FNDA:30,(anonymous_18)
FNDA:30,(anonymous_19)
FNDA:30,(anonymous_20)
FNDA:30,(anonymous_21)
FNDA:15,(anonymous_22)
FNDA:4,(anonymous_23)
FNDA:1,(anonymous_24)
FNDA:4,(anonymous_25)
FNDA:9,(anonymous_27)
FNDA:3,(anonymous_28)
FNDA:3,(anonymous_29)
DA:2,1
DA:5,1
DA:14,1
DA:15,252
DA:16,36
DA:17,30
DA:18,30
DA:19,30
DA:20,30
DA:21,30
DA:22,30
DA:25,1
DA:27,15
DA:36,1
DA:37,1
DA:38,1
DA:40,1
DA:48,4
DA:59,1
DA:70,1
DA:74,1
DA:75,9
DA:76,3
DA:77,3
DA:80,1
LF:25
LH:25
BRDA:17,0,0,28
BRDA:17,0,1,2
BRDA:17,1,0,30
BRDA:17,1,1,30
BRDA:19,2,0,15
BRDA:19,2,1,15
BRDA:19,3,0,30
BRDA:19,3,1,30
BRDA:21,4,0,1
BRDA:21,4,1,29
BRDA:21,5,0,30
BRDA:21,5,1,30
BRDA:76,6,0,1
BRDA:76,6,1,2
BRDA:76,7,0,3
BRDA:76,7,1,3
BRF:16
BRH:16
end_of_record
